#
# There is insufficient memory for the Java Runtime Environment to continue.
# Native memory allocation (malloc) failed to allocate 32744 bytes for ChunkPool::allocate
# Possible reasons:
#   The system is out of physical RAM or swap space
#   The process is running with CompressedOops enabled, and the Java Heap may be blocking the growth of the native heap
# Possible solutions:
#   Reduce memory load on the system
#   Increase physical memory or swap space
#   Check if swap backing store is full
#   Decrease Java heap size (-Xmx/-Xms)
#   Decrease number of Java threads
#   Decrease Java thread stack sizes (-Xss)
#   Set larger code cache with -XX:ReservedCodeCacheSize=
#   JVM is running with Zero Based Compressed Oops mode in which the Java heap is
#     placed in the first 32GB address space. The Java Heap base address is the
#     maximum limit for the native heap growth. Please use -XX:HeapBaseMinAddress
#     to set the Java Heap base and to place the Java Heap above 32GB virtual address.
# This output file may be truncated or incomplete.
#
#  Out of Memory Error (arena.cpp:78), pid=15940, tid=14156
#
# JRE version: OpenJDK Runtime Environment Temurin-17.0.5+8 (17.0.5+8) (build 17.0.5+8)
# Java VM: OpenJDK 64-Bit Server VM Temurin-17.0.5+8 (17.0.5+8, mixed mode, emulated-client, tiered, compressed oops, compressed class ptrs, g1 gc, windows-amd64)
# No core dump will be written. Minidumps are not enabled by default on client versions of Windows
#

---------------  S U M M A R Y ------------

Command Line: -XX:+ShowCodeDetailsInExceptionMessages -agentlib:jdwp=transport=dt_socket,suspend=y,address=localhost:50270 -Dcom.sun.management.jmxremote -Dcom.sun.management.jmxremote.port=50269 -Dcom.sun.management.jmxremote.authenticate=false -Dcom.sun.management.jmxremote.ssl=false -Djava.rmi.server.hostname=localhost -Dspring.jmx.enabled=true -Dmanagement.endpoints.jmx.exposure.include=* -Dspring.application.admin.enabled=true -XX:TieredStopAtLevel=1 -Dspring.boot.project.name=SpringExample -javaagent:D:\java\ex\sts-4.17.0.RELEASE\configuration\org.eclipse.osgi\267\0\.cp\lib\javaagent-shaded.jar -Dfile.encoding=UTF-8 com.example.SpringExampleApplication --spring.output.ansi.enabled=always

Host: 12th Gen Intel(R) Core(TM) i7-12700F, 20 cores, 15G,  Windows 10 , 64 bit Build 19041 (10.0.19041.2364)
Time: Fri Dec 23 18:09:16 2022  Windows 10 , 64 bit Build 19041 (10.0.19041.2364) elapsed time: 0.852040 seconds (0d 0h 0m 0s)

---------------  T H R E A D  ---------------

Current thread (0x00000129bf6233e0):  JavaThread "C1 CompilerThread4" daemon [_thread_in_native, id=14156, stack(0x0000001683800000,0x0000001683900000)]


Current CompileTask:
C1:    852 1146       1       org.eclipse.jdt.launching.internal.org.objectweb.asm.MethodWriter::putMethodInfo (1274 bytes)

Stack: [0x0000001683800000,0x0000001683900000]
Native frames: (J=compiled Java code, j=interpreted, Vv=VM code, C=native code)
V  [jvm.dll+0x676b3a]
V  [jvm.dll+0x831444]
V  [jvm.dll+0x832bee]
V  [jvm.dll+0x833253]
V  [jvm.dll+0x244ce5]
V  [jvm.dll+0xabdcc]
V  [jvm.dll+0xac17c]
V  [jvm.dll+0x1338f1]
V  [jvm.dll+0x14fe9b]
V  [jvm.dll+0x1502a5]
V  [jvm.dll+0x150527]
V  [jvm.dll+0x15035e]
V  [jvm.dll+0x1342d9]
V  [jvm.dll+0x133e3a]
V  [jvm.dll+0x134026]
V  [jvm.dll+0x1334ba]
V  [jvm.dll+0x135181]
V  [jvm.dll+0x22698a]
V  [jvm.dll+0x224ac5]
V  [jvm.dll+0x7e727b]
V  [jvm.dll+0x7e17ea]
V  [jvm.dll+0x6759e5]
C  [ucrtbase.dll+0x21bb2]
C  [KERNEL32.DLL+0x17614]
C  [ntdll.dll+0x526a1]


---------------  P R O C E S S  ---------------

Threads class SMR info:
_java_thread_list=0x00000129bf89f4a0, length=23, elements={
0x00000129aa7cd330, 0x00000129bec6bfe0, 0x00000129bec6cbe0, 0x00000129becb8c70,
0x00000129becb9530, 0x00000129becba600, 0x00000129becd9320, 0x00000129becd9be0,
0x00000129becda4e0, 0x00000129bedb70a0, 0x00000129bee33f00, 0x00000129bee34c30,
0x00000129beef1130, 0x00000129beef3fb0, 0x00000129beef4690, 0x00000129bf602510,
0x00000129bf6233e0, 0x00000129bf6238f0, 0x00000129bf629e20, 0x00000129bf6e7c00,
0x00000129bf867e90, 0x00000129bf808900, 0x00000129bf808dd0
}

Java Threads: ( => current thread )
  0x00000129aa7cd330 JavaThread "main" [_thread_in_vm, id=15060, stack(0x0000001682200000,0x0000001682300000)]
  0x00000129bec6bfe0 JavaThread "Reference Handler" daemon [_thread_blocked, id=14592, stack(0x0000001682900000,0x0000001682a00000)]
  0x00000129bec6cbe0 JavaThread "Finalizer" daemon [_thread_blocked, id=17256, stack(0x0000001682a00000,0x0000001682b00000)]
  0x00000129becb8c70 JavaThread "Signal Dispatcher" daemon [_thread_blocked, id=4588, stack(0x0000001682b00000,0x0000001682c00000)]
  0x00000129becb9530 JavaThread "Attach Listener" daemon [_thread_blocked, id=9784, stack(0x0000001682c00000,0x0000001682d00000)]
  0x00000129becba600 JavaThread "Service Thread" daemon [_thread_blocked, id=6760, stack(0x0000001682d00000,0x0000001682e00000)]
  0x00000129becd9320 JavaThread "Monitor Deflation Thread" daemon [_thread_blocked, id=2376, stack(0x0000001682e00000,0x0000001682f00000)]
  0x00000129becd9be0 JavaThread "C1 CompilerThread0" daemon [_thread_blocked, id=17276, stack(0x0000001682f00000,0x0000001683000000)]
  0x00000129becda4e0 JavaThread "Sweeper thread" daemon [_thread_blocked, id=8912, stack(0x0000001683000000,0x0000001683100000)]
  0x00000129bedb70a0 JavaThread "Common-Cleaner" daemon [_thread_blocked, id=3900, stack(0x0000001683100000,0x0000001683200000)]
  0x00000129bee33f00 JavaThread "C1 CompilerThread1" daemon [_thread_blocked, id=15944, stack(0x0000001683200000,0x0000001683300000)]
  0x00000129bee34c30 JavaThread "C1 CompilerThread2" daemon [_thread_in_native, id=10816, stack(0x0000001683300000,0x0000001683400000)]
  0x00000129beef1130 JavaThread "JDWP Transport Listener: dt_socket" daemon [_thread_blocked, id=1984, stack(0x0000001683400000,0x0000001683500000)]
  0x00000129beef3fb0 JavaThread "JDWP Event Helper Thread" daemon [_thread_blocked, id=1540, stack(0x0000001683500000,0x0000001683600000)]
  0x00000129beef4690 JavaThread "JDWP Command Reader" daemon [_thread_in_native, id=3648, stack(0x0000001683600000,0x0000001683700000)]
  0x00000129bf602510 JavaThread "C1 CompilerThread3" daemon [_thread_blocked, id=11000, stack(0x0000001683700000,0x0000001683800000)]
=>0x00000129bf6233e0 JavaThread "C1 CompilerThread4" daemon [_thread_in_native, id=14156, stack(0x0000001683800000,0x0000001683900000)]
  0x00000129bf6238f0 JavaThread "C1 CompilerThread5" daemon [_thread_blocked, id=14036, stack(0x0000001683900000,0x0000001683a00000)]
  0x00000129bf629e20 JavaThread "C1 CompilerThread6" daemon [_thread_blocked, id=5100, stack(0x0000001683a00000,0x0000001683b00000)]
  0x00000129bf6e7c00 JavaThread "Notification Thread" daemon [_thread_blocked, id=5824, stack(0x0000001683b00000,0x0000001683c00000)]
  0x00000129bf867e90 JavaThread "RMI TCP Accept-0" daemon [_thread_in_native, id=10464, stack(0x0000001683c00000,0x0000001683d00000)]
  0x00000129bf808900 JavaThread "RMI TCP Accept-50269" daemon [_thread_in_native, id=9520, stack(0x0000001683d00000,0x0000001683e00000)]
  0x00000129bf808dd0 JavaThread "RMI TCP Accept-0" daemon [_thread_in_native, id=7016, stack(0x0000001683e00000,0x0000001683f00000)]

Other Threads:
  0x00000129bec5fca0 VMThread "VM Thread" [stack: 0x0000001682800000,0x0000001682900000] [id=2328]
  0x00000129bf7fb680 WatcherThread [stack: 0x0000001683f00000,0x0000001684000000] [id=708]
  0x00000129aa83a080 GCTaskThread "GC Thread#0" [stack: 0x0000001682300000,0x0000001682400000] [id=15896]
  0x00000129bfb39cc0 GCTaskThread "GC Thread#1" [stack: 0x0000001684000000,0x0000001684100000] [id=4040]
  0x00000129bf8bf0d0 GCTaskThread "GC Thread#2" [stack: 0x0000001684100000,0x0000001684200000] [id=9524]
  0x00000129bf911240 GCTaskThread "GC Thread#3" [stack: 0x0000001684200000,0x0000001684300000] [id=7448]
  0x00000129bf9114f0 GCTaskThread "GC Thread#4" [stack: 0x0000001684300000,0x0000001684400000] [id=2784]
  0x00000129bf9117a0 GCTaskThread "GC Thread#5" [stack: 0x0000001684400000,0x0000001684500000] [id=5116]
  0x00000129bf911e60 GCTaskThread "GC Thread#6" [stack: 0x0000001684500000,0x0000001684600000] [id=2488]
  0x00000129c0427d70 GCTaskThread "GC Thread#7" [stack: 0x0000001684600000,0x0000001684700000] [id=6580]
  0x00000129c042c030 GCTaskThread "GC Thread#8" [stack: 0x0000001684700000,0x0000001684800000] [id=13604]
  0x00000129c042c2e0 GCTaskThread "GC Thread#9" [stack: 0x0000001684800000,0x0000001684900000] [id=3660]
  0x00000129c042e5a0 GCTaskThread "GC Thread#10" [stack: 0x0000001684900000,0x0000001684a00000] [id=14460]
  0x00000129aa84d410 ConcurrentGCThread "G1 Main Marker" [stack: 0x0000001682400000,0x0000001682500000] [id=13728]
  0x00000129aa84dd30 ConcurrentGCThread "G1 Conc#0" [stack: 0x0000001682500000,0x0000001682600000] [id=9308]
  0x00000129aa88eab0 ConcurrentGCThread "G1 Refine#0" [stack: 0x0000001682600000,0x0000001682700000] [id=2136]
  0x00000129bde79650 ConcurrentGCThread "G1 Service" [stack: 0x0000001682700000,0x0000001682800000] [id=15196]

Threads with active compile tasks:
C1 CompilerThread2      866 1239       1       java.lang.Class::forName (47 bytes)
C1 CompilerThread4      866 1146       1       org.eclipse.jdt.launching.internal.org.objectweb.asm.MethodWriter::putMethodInfo (1274 bytes)

VM state: not at safepoint (normal execution)

VM Mutex/Monitor currently owned by a thread: None

Heap address: 0x0000000702600000, size: 4058 MB, Compressed Oops mode: Zero based, Oop shift amount: 3

CDS archive(s) not mapped
Compressed class space mapped at: 0x0000000800000000-0x0000000840000000, reserved size: 1073741824
Narrow klass base: 0x0000000800000000, Narrow klass shift: 0, Narrow klass range: 0x40000000

GC Precious Log:
 CPUs: 20 total, 20 available
 Memory: 16225M
 Large Page Support: Disabled
 NUMA Support: Disabled
 Compressed Oops: Enabled (Zero based)
 Heap Region Size: 2M
 Heap Min Capacity: 8M
 Heap Initial Capacity: 254M
 Heap Max Capacity: 4058M
 Pre-touch: Disabled
 Parallel Workers: 15
 Concurrent Workers: 4
 Concurrent Refinement Workers: 15
 Periodic GC: Disabled

Heap:
 garbage-first heap   total 260096K, used 7486K [0x0000000702600000, 0x0000000800000000)
  region size 2048K, 4 young (8192K), 2 survivors (4096K)
 Metaspace       used 15364K, committed 15488K, reserved 1064960K
  class space    used 1537K, committed 1600K, reserved 1048576K

Heap Regions: E=young(eden), S=young(survivor), O=old, HS=humongous(starts), HC=humongous(continues), CS=collection set, F=free, OA=open archive, CA=closed archive, TAMS=top-at-mark-start (previous, next)
|   0|0x0000000702600000, 0x000000070274fa00, 0x0000000702800000| 65%| O|  |TAMS 0x0000000702600000, 0x0000000702600000| Untracked 
|   1|0x0000000702800000, 0x0000000702800000, 0x0000000702a00000|  0%| F|  |TAMS 0x0000000702800000, 0x0000000702800000| Untracked 
|   2|0x0000000702a00000, 0x0000000702a00000, 0x0000000702c00000|  0%| F|  |TAMS 0x0000000702a00000, 0x0000000702a00000| Untracked 
|   3|0x0000000702c00000, 0x0000000702c00000, 0x0000000702e00000|  0%| F|  |TAMS 0x0000000702c00000, 0x0000000702c00000| Untracked 
|   4|0x0000000702e00000, 0x0000000702e00000, 0x0000000703000000|  0%| F|  |TAMS 0x0000000702e00000, 0x0000000702e00000| Untracked 
|   5|0x0000000703000000, 0x0000000703000000, 0x0000000703200000|  0%| F|  |TAMS 0x0000000703000000, 0x0000000703000000| Untracked 
|   6|0x0000000703200000, 0x0000000703200000, 0x0000000703400000|  0%| F|  |TAMS 0x0000000703200000, 0x0000000703200000| Untracked 
|   7|0x0000000703400000, 0x0000000703400000, 0x0000000703600000|  0%| F|  |TAMS 0x0000000703400000, 0x0000000703400000| Untracked 
|   8|0x0000000703600000, 0x0000000703600000, 0x0000000703800000|  0%| F|  |TAMS 0x0000000703600000, 0x0000000703600000| Untracked 
|   9|0x0000000703800000, 0x0000000703800000, 0x0000000703a00000|  0%| F|  |TAMS 0x0000000703800000, 0x0000000703800000| Untracked 
|  10|0x0000000703a00000, 0x0000000703a00000, 0x0000000703c00000|  0%| F|  |TAMS 0x0000000703a00000, 0x0000000703a00000| Untracked 
|  11|0x0000000703c00000, 0x0000000703c00000, 0x0000000703e00000|  0%| F|  |TAMS 0x0000000703c00000, 0x0000000703c00000| Untracked 
|  12|0x0000000703e00000, 0x0000000703e00000, 0x0000000704000000|  0%| F|  |TAMS 0x0000000703e00000, 0x0000000703e00000| Untracked 
|  13|0x0000000704000000, 0x0000000704000000, 0x0000000704200000|  0%| F|  |TAMS 0x0000000704000000, 0x0000000704000000| Untracked 
|  14|0x0000000704200000, 0x0000000704200000, 0x0000000704400000|  0%| F|  |TAMS 0x0000000704200000, 0x0000000704200000| Untracked 
|  15|0x0000000704400000, 0x0000000704400000, 0x0000000704600000|  0%| F|  |TAMS 0x0000000704400000, 0x0000000704400000| Untracked 
|  16|0x0000000704600000, 0x0000000704600000, 0x0000000704800000|  0%| F|  |TAMS 0x0000000704600000, 0x0000000704600000| Untracked 
|  17|0x0000000704800000, 0x0000000704800000, 0x0000000704a00000|  0%| F|  |TAMS 0x0000000704800000, 0x0000000704800000| Untracked 
|  18|0x0000000704a00000, 0x0000000704a00000, 0x0000000704c00000|  0%| F|  |TAMS 0x0000000704a00000, 0x0000000704a00000| Untracked 
|  19|0x0000000704c00000, 0x0000000704c00000, 0x0000000704e00000|  0%| F|  |TAMS 0x0000000704c00000, 0x0000000704c00000| Untracked 
|  20|0x0000000704e00000, 0x0000000704e00000, 0x0000000705000000|  0%| F|  |TAMS 0x0000000704e00000, 0x0000000704e00000| Untracked 
|  21|0x0000000705000000, 0x0000000705000000, 0x0000000705200000|  0%| F|  |TAMS 0x0000000705000000, 0x0000000705000000| Untracked 
|  22|0x0000000705200000, 0x0000000705200000, 0x0000000705400000|  0%| F|  |TAMS 0x0000000705200000, 0x0000000705200000| Untracked 
|  23|0x0000000705400000, 0x0000000705400000, 0x0000000705600000|  0%| F|  |TAMS 0x0000000705400000, 0x0000000705400000| Untracked 
|  24|0x0000000705600000, 0x0000000705600000, 0x0000000705800000|  0%| F|  |TAMS 0x0000000705600000, 0x0000000705600000| Untracked 
|  25|0x0000000705800000, 0x0000000705800000, 0x0000000705a00000|  0%| F|  |TAMS 0x0000000705800000, 0x0000000705800000| Untracked 
|  26|0x0000000705a00000, 0x0000000705a00000, 0x0000000705c00000|  0%| F|  |TAMS 0x0000000705a00000, 0x0000000705a00000| Untracked 
|  27|0x0000000705c00000, 0x0000000705c00000, 0x0000000705e00000|  0%| F|  |TAMS 0x0000000705c00000, 0x0000000705c00000| Untracked 
|  28|0x0000000705e00000, 0x0000000705e00000, 0x0000000706000000|  0%| F|  |TAMS 0x0000000705e00000, 0x0000000705e00000| Untracked 
|  29|0x0000000706000000, 0x0000000706000000, 0x0000000706200000|  0%| F|  |TAMS 0x0000000706000000, 0x0000000706000000| Untracked 
|  30|0x0000000706200000, 0x0000000706200000, 0x0000000706400000|  0%| F|  |TAMS 0x0000000706200000, 0x0000000706200000| Untracked 
|  31|0x0000000706400000, 0x0000000706400000, 0x0000000706600000|  0%| F|  |TAMS 0x0000000706400000, 0x0000000706400000| Untracked 
|  32|0x0000000706600000, 0x0000000706600000, 0x0000000706800000|  0%| F|  |TAMS 0x0000000706600000, 0x0000000706600000| Untracked 
|  33|0x0000000706800000, 0x0000000706800000, 0x0000000706a00000|  0%| F|  |TAMS 0x0000000706800000, 0x0000000706800000| Untracked 
|  34|0x0000000706a00000, 0x0000000706a00000, 0x0000000706c00000|  0%| F|  |TAMS 0x0000000706a00000, 0x0000000706a00000| Untracked 
|  35|0x0000000706c00000, 0x0000000706c00000, 0x0000000706e00000|  0%| F|  |TAMS 0x0000000706c00000, 0x0000000706c00000| Untracked 
|  36|0x0000000706e00000, 0x0000000706e00000, 0x0000000707000000|  0%| F|  |TAMS 0x0000000706e00000, 0x0000000706e00000| Untracked 
|  37|0x0000000707000000, 0x0000000707000000, 0x0000000707200000|  0%| F|  |TAMS 0x0000000707000000, 0x0000000707000000| Untracked 
|  38|0x0000000707200000, 0x0000000707200000, 0x0000000707400000|  0%| F|  |TAMS 0x0000000707200000, 0x0000000707200000| Untracked 
|  39|0x0000000707400000, 0x0000000707400000, 0x0000000707600000|  0%| F|  |TAMS 0x0000000707400000, 0x0000000707400000| Untracked 
|  40|0x0000000707600000, 0x0000000707600000, 0x0000000707800000|  0%| F|  |TAMS 0x0000000707600000, 0x0000000707600000| Untracked 
|  41|0x0000000707800000, 0x0000000707800000, 0x0000000707a00000|  0%| F|  |TAMS 0x0000000707800000, 0x0000000707800000| Untracked 
|  42|0x0000000707a00000, 0x0000000707a00000, 0x0000000707c00000|  0%| F|  |TAMS 0x0000000707a00000, 0x0000000707a00000| Untracked 
|  43|0x0000000707c00000, 0x0000000707c00000, 0x0000000707e00000|  0%| F|  |TAMS 0x0000000707c00000, 0x0000000707c00000| Untracked 
|  44|0x0000000707e00000, 0x0000000707e00000, 0x0000000708000000|  0%| F|  |TAMS 0x0000000707e00000, 0x0000000707e00000| Untracked 
|  45|0x0000000708000000, 0x0000000708000000, 0x0000000708200000|  0%| F|  |TAMS 0x0000000708000000, 0x0000000708000000| Untracked 
|  46|0x0000000708200000, 0x0000000708200000, 0x0000000708400000|  0%| F|  |TAMS 0x0000000708200000, 0x0000000708200000| Untracked 
|  47|0x0000000708400000, 0x0000000708400000, 0x0000000708600000|  0%| F|  |TAMS 0x0000000708400000, 0x0000000708400000| Untracked 
|  48|0x0000000708600000, 0x0000000708600000, 0x0000000708800000|  0%| F|  |TAMS 0x0000000708600000, 0x0000000708600000| Untracked 
|  49|0x0000000708800000, 0x0000000708800000, 0x0000000708a00000|  0%| F|  |TAMS 0x0000000708800000, 0x0000000708800000| Untracked 
|  50|0x0000000708a00000, 0x0000000708a00000, 0x0000000708c00000|  0%| F|  |TAMS 0x0000000708a00000, 0x0000000708a00000| Untracked 
|  51|0x0000000708c00000, 0x0000000708c00000, 0x0000000708e00000|  0%| F|  |TAMS 0x0000000708c00000, 0x0000000708c00000| Untracked 
|  52|0x0000000708e00000, 0x0000000708e00000, 0x0000000709000000|  0%| F|  |TAMS 0x0000000708e00000, 0x0000000708e00000| Untracked 
|  53|0x0000000709000000, 0x0000000709000000, 0x0000000709200000|  0%| F|  |TAMS 0x0000000709000000, 0x0000000709000000| Untracked 
|  54|0x0000000709200000, 0x0000000709200000, 0x0000000709400000|  0%| F|  |TAMS 0x0000000709200000, 0x0000000709200000| Untracked 
|  55|0x0000000709400000, 0x0000000709400000, 0x0000000709600000|  0%| F|  |TAMS 0x0000000709400000, 0x0000000709400000| Untracked 
|  56|0x0000000709600000, 0x0000000709600000, 0x0000000709800000|  0%| F|  |TAMS 0x0000000709600000, 0x0000000709600000| Untracked 
|  57|0x0000000709800000, 0x0000000709800000, 0x0000000709a00000|  0%| F|  |TAMS 0x0000000709800000, 0x0000000709800000| Untracked 
|  58|0x0000000709a00000, 0x0000000709a00000, 0x0000000709c00000|  0%| F|  |TAMS 0x0000000709a00000, 0x0000000709a00000| Untracked 
|  59|0x0000000709c00000, 0x0000000709c00000, 0x0000000709e00000|  0%| F|  |TAMS 0x0000000709c00000, 0x0000000709c00000| Untracked 
|  60|0x0000000709e00000, 0x0000000709e00000, 0x000000070a000000|  0%| F|  |TAMS 0x0000000709e00000, 0x0000000709e00000| Untracked 
|  61|0x000000070a000000, 0x000000070a000000, 0x000000070a200000|  0%| F|  |TAMS 0x000000070a000000, 0x000000070a000000| Untracked 
|  62|0x000000070a200000, 0x000000070a200000, 0x000000070a400000|  0%| F|  |TAMS 0x000000070a200000, 0x000000070a200000| Untracked 
|  63|0x000000070a400000, 0x000000070a400000, 0x000000070a600000|  0%| F|  |TAMS 0x000000070a400000, 0x000000070a400000| Untracked 
|  64|0x000000070a600000, 0x000000070a600000, 0x000000070a800000|  0%| F|  |TAMS 0x000000070a600000, 0x000000070a600000| Untracked 
|  65|0x000000070a800000, 0x000000070a800000, 0x000000070aa00000|  0%| F|  |TAMS 0x000000070a800000, 0x000000070a800000| Untracked 
|  66|0x000000070aa00000, 0x000000070aa00000, 0x000000070ac00000|  0%| F|  |TAMS 0x000000070aa00000, 0x000000070aa00000| Untracked 
|  67|0x000000070ac00000, 0x000000070ac00000, 0x000000070ae00000|  0%| F|  |TAMS 0x000000070ac00000, 0x000000070ac00000| Untracked 
|  68|0x000000070ae00000, 0x000000070ae00000, 0x000000070b000000|  0%| F|  |TAMS 0x000000070ae00000, 0x000000070ae00000| Untracked 
|  69|0x000000070b000000, 0x000000070b000000, 0x000000070b200000|  0%| F|  |TAMS 0x000000070b000000, 0x000000070b000000| Untracked 
|  70|0x000000070b200000, 0x000000070b200000, 0x000000070b400000|  0%| F|  |TAMS 0x000000070b200000, 0x000000070b200000| Untracked 
|  71|0x000000070b400000, 0x000000070b400000, 0x000000070b600000|  0%| F|  |TAMS 0x000000070b400000, 0x000000070b400000| Untracked 
|  72|0x000000070b600000, 0x000000070b600000, 0x000000070b800000|  0%| F|  |TAMS 0x000000070b600000, 0x000000070b600000| Untracked 
|  73|0x000000070b800000, 0x000000070b800000, 0x000000070ba00000|  0%| F|  |TAMS 0x000000070b800000, 0x000000070b800000| Untracked 
|  74|0x000000070ba00000, 0x000000070ba00000, 0x000000070bc00000|  0%| F|  |TAMS 0x000000070ba00000, 0x000000070ba00000| Untracked 
|  75|0x000000070bc00000, 0x000000070bc00000, 0x000000070be00000|  0%| F|  |TAMS 0x000000070bc00000, 0x000000070bc00000| Untracked 
|  76|0x000000070be00000, 0x000000070be00000, 0x000000070c000000|  0%| F|  |TAMS 0x000000070be00000, 0x000000070be00000| Untracked 
|  77|0x000000070c000000, 0x000000070c000000, 0x000000070c200000|  0%| F|  |TAMS 0x000000070c000000, 0x000000070c000000| Untracked 
|  78|0x000000070c200000, 0x000000070c200000, 0x000000070c400000|  0%| F|  |TAMS 0x000000070c200000, 0x000000070c200000| Untracked 
|  79|0x000000070c400000, 0x000000070c400000, 0x000000070c600000|  0%| F|  |TAMS 0x000000070c400000, 0x000000070c400000| Untracked 
|  80|0x000000070c600000, 0x000000070c600000, 0x000000070c800000|  0%| F|  |TAMS 0x000000070c600000, 0x000000070c600000| Untracked 
|  81|0x000000070c800000, 0x000000070c800000, 0x000000070ca00000|  0%| F|  |TAMS 0x000000070c800000, 0x000000070c800000| Untracked 
|  82|0x000000070ca00000, 0x000000070ca00000, 0x000000070cc00000|  0%| F|  |TAMS 0x000000070ca00000, 0x000000070ca00000| Untracked 
|  83|0x000000070cc00000, 0x000000070cc00000, 0x000000070ce00000|  0%| F|  |TAMS 0x000000070cc00000, 0x000000070cc00000| Untracked 
|  84|0x000000070ce00000, 0x000000070ce00000, 0x000000070d000000|  0%| F|  |TAMS 0x000000070ce00000, 0x000000070ce00000| Untracked 
|  85|0x000000070d000000, 0x000000070d000000, 0x000000070d200000|  0%| F|  |TAMS 0x000000070d000000, 0x000000070d000000| Untracked 
|  86|0x000000070d200000, 0x000000070d200000, 0x000000070d400000|  0%| F|  |TAMS 0x000000070d200000, 0x000000070d200000| Untracked 
|  87|0x000000070d400000, 0x000000070d400000, 0x000000070d600000|  0%| F|  |TAMS 0x000000070d400000, 0x000000070d400000| Untracked 
|  88|0x000000070d600000, 0x000000070d600000, 0x000000070d800000|  0%| F|  |TAMS 0x000000070d600000, 0x000000070d600000| Untracked 
|  89|0x000000070d800000, 0x000000070d800000, 0x000000070da00000|  0%| F|  |TAMS 0x000000070d800000, 0x000000070d800000| Untracked 
|  90|0x000000070da00000, 0x000000070da00000, 0x000000070dc00000|  0%| F|  |TAMS 0x000000070da00000, 0x000000070da00000| Untracked 
|  91|0x000000070dc00000, 0x000000070dc00000, 0x000000070de00000|  0%| F|  |TAMS 0x000000070dc00000, 0x000000070dc00000| Untracked 
|  92|0x000000070de00000, 0x000000070de00000, 0x000000070e000000|  0%| F|  |TAMS 0x000000070de00000, 0x000000070de00000| Untracked 
|  93|0x000000070e000000, 0x000000070e000000, 0x000000070e200000|  0%| F|  |TAMS 0x000000070e000000, 0x000000070e000000| Untracked 
|  94|0x000000070e200000, 0x000000070e200000, 0x000000070e400000|  0%| F|  |TAMS 0x000000070e200000, 0x000000070e200000| Untracked 
|  95|0x000000070e400000, 0x000000070e400000, 0x000000070e600000|  0%| F|  |TAMS 0x000000070e400000, 0x000000070e400000| Untracked 
|  96|0x000000070e600000, 0x000000070e600000, 0x000000070e800000|  0%| F|  |TAMS 0x000000070e600000, 0x000000070e600000| Untracked 
|  97|0x000000070e800000, 0x000000070e800000, 0x000000070ea00000|  0%| F|  |TAMS 0x000000070e800000, 0x000000070e800000| Untracked 
|  98|0x000000070ea00000, 0x000000070ea00000, 0x000000070ec00000|  0%| F|  |TAMS 0x000000070ea00000, 0x000000070ea00000| Untracked 
|  99|0x000000070ec00000, 0x000000070ec00000, 0x000000070ee00000|  0%| F|  |TAMS 0x000000070ec00000, 0x000000070ec00000| Untracked 
| 100|0x000000070ee00000, 0x000000070ee00000, 0x000000070f000000|  0%| F|  |TAMS 0x000000070ee00000, 0x000000070ee00000| Untracked 
| 101|0x000000070f000000, 0x000000070f000000, 0x000000070f200000|  0%| F|  |TAMS 0x000000070f000000, 0x000000070f000000| Untracked 
| 102|0x000000070f200000, 0x000000070f200000, 0x000000070f400000|  0%| F|  |TAMS 0x000000070f200000, 0x000000070f200000| Untracked 
| 103|0x000000070f400000, 0x000000070f400000, 0x000000070f600000|  0%| F|  |TAMS 0x000000070f400000, 0x000000070f400000| Untracked 
| 104|0x000000070f600000, 0x000000070f600000, 0x000000070f800000|  0%| F|  |TAMS 0x000000070f600000, 0x000000070f600000| Untracked 
| 105|0x000000070f800000, 0x000000070f800000, 0x000000070fa00000|  0%| F|  |TAMS 0x000000070f800000, 0x000000070f800000| Untracked 
| 106|0x000000070fa00000, 0x000000070fa00000, 0x000000070fc00000|  0%| F|  |TAMS 0x000000070fa00000, 0x000000070fa00000| Untracked 
| 107|0x000000070fc00000, 0x000000070fc00000, 0x000000070fe00000|  0%| F|  |TAMS 0x000000070fc00000, 0x000000070fc00000| Untracked 
| 108|0x000000070fe00000, 0x000000070fe00000, 0x0000000710000000|  0%| F|  |TAMS 0x000000070fe00000, 0x000000070fe00000| Untracked 
| 109|0x0000000710000000, 0x0000000710000000, 0x0000000710200000|  0%| F|  |TAMS 0x0000000710000000, 0x0000000710000000| Untracked 
| 110|0x0000000710200000, 0x0000000710200000, 0x0000000710400000|  0%| F|  |TAMS 0x0000000710200000, 0x0000000710200000| Untracked 
| 111|0x0000000710400000, 0x0000000710400000, 0x0000000710600000|  0%| F|  |TAMS 0x0000000710400000, 0x0000000710400000| Untracked 
| 112|0x0000000710600000, 0x0000000710600000, 0x0000000710800000|  0%| F|  |TAMS 0x0000000710600000, 0x0000000710600000| Untracked 
| 113|0x0000000710800000, 0x0000000710800000, 0x0000000710a00000|  0%| F|  |TAMS 0x0000000710800000, 0x0000000710800000| Untracked 
| 114|0x0000000710a00000, 0x0000000710c00000, 0x0000000710c00000|100%| S|CS|TAMS 0x0000000710a00000, 0x0000000710a00000| Complete 
| 115|0x0000000710c00000, 0x0000000710e00000, 0x0000000710e00000|100%| S|CS|TAMS 0x0000000710c00000, 0x0000000710c00000| Complete 
| 116|0x0000000710e00000, 0x0000000710e00000, 0x0000000711000000|  0%| F|  |TAMS 0x0000000710e00000, 0x0000000710e00000| Untracked 
| 117|0x0000000711000000, 0x0000000711000000, 0x0000000711200000|  0%| F|  |TAMS 0x0000000711000000, 0x0000000711000000| Untracked 
| 118|0x0000000711200000, 0x0000000711200000, 0x0000000711400000|  0%| F|  |TAMS 0x0000000711200000, 0x0000000711200000| Untracked 
| 119|0x0000000711400000, 0x0000000711400000, 0x0000000711600000|  0%| F|  |TAMS 0x0000000711400000, 0x0000000711400000| Untracked 
| 120|0x0000000711600000, 0x0000000711600000, 0x0000000711800000|  0%| F|  |TAMS 0x0000000711600000, 0x0000000711600000| Untracked 
| 121|0x0000000711800000, 0x0000000711800000, 0x0000000711a00000|  0%| F|  |TAMS 0x0000000711800000, 0x0000000711800000| Untracked 
| 122|0x0000000711a00000, 0x0000000711a00000, 0x0000000711c00000|  0%| F|  |TAMS 0x0000000711a00000, 0x0000000711a00000| Untracked 
| 123|0x0000000711c00000, 0x0000000711c00000, 0x0000000711e00000|  0%| F|  |TAMS 0x0000000711c00000, 0x0000000711c00000| Untracked 
| 124|0x0000000711e00000, 0x0000000711e00000, 0x0000000712000000|  0%| F|  |TAMS 0x0000000711e00000, 0x0000000711e00000| Untracked 
| 125|0x0000000712000000, 0x0000000712200000, 0x0000000712200000|100%| E|  |TAMS 0x0000000712000000, 0x0000000712000000| Complete 
| 126|0x0000000712200000, 0x0000000712400000, 0x0000000712400000|100%| E|CS|TAMS 0x0000000712200000, 0x0000000712200000| Complete 

Card table byte_map: [0x00000129b1f00000,0x00000129b26f0000] _byte_map_base: 0x00000129ae6ed000

Marking Bits (Prev, Next): (CMBitMap*) 0x00000129aa83a5a0, (CMBitMap*) 0x00000129aa83a5e0
 Prev Bits: [0x00000129b2ee0000, 0x00000129b6e48000)
 Next Bits: [0x00000129b6e50000, 0x00000129badb8000)

Polling page: 0x00000129a8460000

Metaspace:

Usage:
  Non-class:     13.52 MB used.
      Class:      1.50 MB used.
       Both:     15.03 MB used.

Virtual space:
  Non-class space:       16.00 MB reserved,      13.56 MB ( 85%) committed,  2 nodes.
      Class space:        1.00 GB reserved,       1.56 MB ( <1%) committed,  1 nodes.
             Both:        1.02 GB reserved,      15.12 MB (  1%) committed. 

Chunk freelists:
   Non-Class:  2.25 MB
       Class:  2.45 MB
        Both:  4.70 MB

MaxMetaspaceSize: unlimited
CompressedClassSpaceSize: 1.00 GB
Initial GC threshold: 21.00 MB
Current GC threshold: 21.00 MB
CDS: off
MetaspaceReclaimPolicy: balanced
 - commit_granule_bytes: 65536.
 - commit_granule_words: 8192.
 - virtual_space_node_default_size: 1048576.
 - enlarge_chunks_in_place: 1.
 - new_chunks_are_fully_committed: 0.
 - uncommit_free_chunks: 1.
 - use_allocation_guard: 0.
 - handle_deallocations: 1.


Internal statistics:

num_allocs_failed_limit: 0.
num_arena_births: 98.
num_arena_deaths: 0.
num_vsnodes_births: 3.
num_vsnodes_deaths: 0.
num_space_committed: 242.
num_space_uncommitted: 0.
num_chunks_returned_to_freelist: 0.
num_chunks_taken_from_freelist: 190.
num_chunk_merges: 0.
num_chunk_splits: 110.
num_chunks_enlarged: 72.
num_purges: 0.
num_inconsistent_stats: 0.

CodeCache: size=49152Kb used=6476Kb max_used=6476Kb free=42675Kb
 bounds [0x00000129ade80000, 0x00000129ae4e0000, 0x00000129b0e80000]
 total_blobs=1692 nmethods=1237 adapters=377
 compilation: enabled
              stopped_count=0, restarted_count=0
 full_count=0

Compilation events (20 events):
Event: 0.836 Thread 0x00000129becd9be0 1161       1       java.lang.ref.Reference::enqueueFromPending (19 bytes)
Event: 0.836 Thread 0x00000129bf602510 1162   !   1       java.lang.ref.ReferenceQueue::enqueue (119 bytes)
Event: 0.836 Thread 0x00000129bf629e20 1163       1       java.lang.ref.Reference::clear (5 bytes)
Event: 0.836 Thread 0x00000129bf6238f0 1165   !   1       jdk.internal.ref.PhantomCleanable::remove (60 bytes)
Event: 0.836 Thread 0x00000129bee34c30 1166       1       jdk.internal.ref.PhantomCleanable::clean (16 bytes)
Event: 0.836 Thread 0x00000129bee33f00 1167       1       jdk.internal.ref.CleanerImpl$PhantomCleanableRef::performCleanup (10 bytes)
Event: 0.836 Thread 0x00000129bf629e20 nmethod 1163 0x00000129ae4a1e90 code [0x00000129ae4a2020, 0x00000129ae4a2108]
Event: 0.836 Thread 0x00000129becd9be0 nmethod 1161 0x00000129ae4a2190 code [0x00000129ae4a2320, 0x00000129ae4a2428]
Event: 0.836 Thread 0x00000129bee33f00 nmethod 1167 0x00000129ae4a2490 code [0x00000129ae4a2620, 0x00000129ae4a2708]
Event: 0.836 Thread 0x00000129bee34c30 nmethod 1166 0x00000129ae4a2790 code [0x00000129ae4a2940, 0x00000129ae4a2a88]
Event: 0.836 Thread 0x00000129bf6238f0 nmethod 1165 0x00000129ae4a2b90 code [0x00000129ae4a2d40, 0x00000129ae4a3118]
Event: 0.836 Thread 0x00000129bee34c30 1169       1       org.eclipse.jdt.launching.internal.org.objectweb.asm.ByteVector::putInt (74 bytes)
Event: 0.836 Thread 0x00000129bf602510 nmethod 1162 0x00000129ae4a3310 code [0x00000129ae4a34e0, 0x00000129ae4a39c8]
Event: 0.836 Thread 0x00000129bee34c30 nmethod 1169 0x00000129ae4a3b90 code [0x00000129ae4a3d20, 0x00000129ae4a3ec8]
Event: 0.838 Thread 0x00000129bee33f00 1170       1       org.eclipse.jdt.launching.internal.org.objectweb.asm.SymbolTable::addConstantUtf8Reference (101 bytes)
Event: 0.838 Thread 0x00000129bee33f00 nmethod 1170 0x00000129ae4a4010 code [0x00000129ae4a4200, 0x00000129ae4a45b8]
Event: 0.839 Thread 0x00000129bf602510 1171       1       java.net.URL::<init> (8 bytes)
Event: 0.839 Thread 0x00000129bee34c30 1172   !   1       java.net.URL::<init> (543 bytes)
Event: 0.839 Thread 0x00000129becd9be0 1173       1       java.net.URLStreamHandler::setURL (73 bytes)
Event: 0.839 Thread 0x00000129bf629e20 1174   !   1       java.net.URL::set (114 bytes)

GC Heap History (2 events):
Event: 0.833 GC heap before
{Heap before GC invocations=0 (full 0):
 garbage-first heap   total 260096K, used 22528K [0x0000000702600000, 0x0000000800000000)
  region size 2048K, 11 young (22528K), 0 survivors (0K)
 Metaspace       used 14800K, committed 15040K, reserved 1064960K
  class space    used 1471K, committed 1600K, reserved 1048576K
}
Event: 0.836 GC heap after
{Heap after GC invocations=1 (full 0):
 garbage-first heap   total 260096K, used 5438K [0x0000000702600000, 0x0000000800000000)
  region size 2048K, 2 young (4096K), 2 survivors (4096K)
 Metaspace       used 14800K, committed 15040K, reserved 1064960K
  class space    used 1471K, committed 1600K, reserved 1048576K
}

Dll operation events (10 events):
Event: 0.248 Loaded shared library D:\java\ex\sts-4.17.0.RELEASE\plugins\org.eclipse.justj.openjdk.hotspot.jre.full.win32.x86_64_17.0.5.v20221102-0933\jre\bin\java.dll
Event: 0.479 Loaded shared library D:\java\ex\sts-4.17.0.RELEASE\plugins\org.eclipse.justj.openjdk.hotspot.jre.full.win32.x86_64_17.0.5.v20221102-0933\jre\bin\zip.dll
Event: 0.483 Loaded shared library D:\java\ex\sts-4.17.0.RELEASE\plugins\org.eclipse.justj.openjdk.hotspot.jre.full.win32.x86_64_17.0.5.v20221102-0933\jre\bin\instrument.dll
Event: 0.490 Loaded shared library D:\java\ex\sts-4.17.0.RELEASE\plugins\org.eclipse.justj.openjdk.hotspot.jre.full.win32.x86_64_17.0.5.v20221102-0933\jre\bin\net.dll
Event: 0.491 Loaded shared library D:\java\ex\sts-4.17.0.RELEASE\plugins\org.eclipse.justj.openjdk.hotspot.jre.full.win32.x86_64_17.0.5.v20221102-0933\jre\bin\nio.dll
Event: 0.496 Loaded shared library D:\java\ex\sts-4.17.0.RELEASE\plugins\org.eclipse.justj.openjdk.hotspot.jre.full.win32.x86_64_17.0.5.v20221102-0933\jre\bin\zip.dll
Event: 0.555 Loaded shared library D:\java\ex\sts-4.17.0.RELEASE\plugins\org.eclipse.justj.openjdk.hotspot.jre.full.win32.x86_64_17.0.5.v20221102-0933\jre\bin\jimage.dll
Event: 0.632 Loaded shared library D:\java\ex\sts-4.17.0.RELEASE\plugins\org.eclipse.justj.openjdk.hotspot.jre.full.win32.x86_64_17.0.5.v20221102-0933\jre\bin\management.dll
Event: 0.639 Loaded shared library D:\java\ex\sts-4.17.0.RELEASE\plugins\org.eclipse.justj.openjdk.hotspot.jre.full.win32.x86_64_17.0.5.v20221102-0933\jre\bin\management_ext.dll
Event: 0.789 Loaded shared library D:\java\ex\sts-4.17.0.RELEASE\plugins\org.eclipse.justj.openjdk.hotspot.jre.full.win32.x86_64_17.0.5.v20221102-0933\jre\bin\verify.dll

Deoptimization events (0 events):
No events

Classes unloaded (0 events):
No events

Classes redefined (0 events):
No events

Internal exceptions (11 events):
Event: 0.615 Thread 0x00000129aa7cd330 Exception <a 'java/lang/NoSuchMethodError'{0x0000000711857ae0}: 'java.lang.Object java.lang.invoke.DirectMethodHandle$Holder.invokeStaticInit(java.lang.Object)'> (0x0000000711857ae0) 
thrown [s\src\hotspot\share\interpreter\linkResolver.cpp, line 759]
Event: 0.644 Thread 0x00000129aa7cd330 Exception <a 'java/lang/NoSuchMethodError'{0x0000000711954f80}: 'int java.lang.invoke.DirectMethodHandle$Holder.invokeInterface(java.lang.Object, java.lang.Object)'> (0x0000000711954f80) 
thrown [s\src\hotspot\share\interpreter\linkResolver.cpp, line 759]
Event: 0.644 Thread 0x00000129aa7cd330 Exception <a 'java/lang/IncompatibleClassChangeError'{0x0000000711958580}: Found class java.lang.Object, but interface was expected> (0x0000000711958580) 
thrown [s\src\hotspot\share\interpreter\linkResolver.cpp, line 826]
Event: 0.645 Thread 0x00000129aa7cd330 Exception <a 'java/lang/NoSuchMethodError'{0x000000071195e8e8}: 'void java.lang.invoke.DirectMethodHandle$Holder.invokeStatic(java.lang.Object, java.lang.Object)'> (0x000000071195e8e8) 
thrown [s\src\hotspot\share\interpreter\linkResolver.cpp, line 759]
Event: 0.679 Thread 0x00000129aa7cd330 Exception <a 'java/lang/NoSuchMethodError'{0x00000007117387e0}: 'int java.lang.invoke.DirectMethodHandle$Holder.invokeSpecial(java.lang.Object, java.lang.Object, java.lang.Object)'> (0x00000007117387e0) 
thrown [s\src\hotspot\share\interpreter\linkResolver.cpp, line 759]
Event: 0.718 Thread 0x00000129aa7cd330 Exception <a 'java/lang/NoSuchMethodError'{0x00000007114bc908}: 'void java.lang.invoke.DirectMethodHandle$Holder.invokeStatic(java.lang.Object, java.lang.Object, java.lang.Object)'> (0x00000007114bc908) 
thrown [s\src\hotspot\share\interpreter\linkResolver.cpp, line 759]
Event: 0.733 Thread 0x00000129aa7cd330 Exception <a 'java/lang/NoSuchMethodError'{0x0000000711560bb8}: 'int java.lang.invoke.DirectMethodHandle$Holder.invokeSpecialIFC(java.lang.Object, java.lang.Object, java.lang.Object)'> (0x0000000711560bb8) 
thrown [s\src\hotspot\share\interpreter\linkResolver.cpp, line 759]
Event: 0.740 Thread 0x00000129aa7cd330 Exception <a 'java/lang/NoSuchMethodError'{0x00000007115d6be0}: 'java.lang.Object java.lang.invoke.DirectMethodHandle$Holder.invokeStaticInit(java.lang.Object, int, int, int, int)'> (0x00000007115d6be0) 
thrown [s\src\hotspot\share\interpreter\linkResolver.cpp, line 759]
Event: 0.768 Thread 0x00000129aa7cd330 Exception <a 'java/lang/NoSuchMethodError'{0x000000071125ddf0}: 'java.lang.Object java.lang.invoke.DirectMethodHandle$Holder.invokeStaticInit(java.lang.Object, java.lang.Object, int, int, int, int)'> (0x000000071125ddf0) 
thrown [s\src\hotspot\share\interpreter\linkResolver.cpp, line 759]
Event: 0.774 Thread 0x00000129aa7cd330 Exception <a 'java/lang/ClassNotFoundException'{0x00000007112962f0}: javax/management/remote/rmi/RMIServerImpl_Skel> (0x00000007112962f0) 
thrown [s\src\hotspot\share\classfile\systemDictionary.cpp, line 256]
Event: 0.806 Thread 0x00000129aa7cd330 Exception <a 'java/lang/ClassNotFoundException'{0x0000000711152b18}: jdk/internal/agent/resources/spi/agentProvider> (0x0000000711152b18) 
thrown [s\src\hotspot\share\classfile\systemDictionary.cpp, line 256]

VM Operations (16 events):
Event: 0.345 Executing VM operation: HandshakeAllThreads
Event: 0.345 Executing VM operation: HandshakeAllThreads done
Event: 0.413 Executing VM operation: ChangeBreakpoints
Event: 0.413 Executing VM operation: ChangeBreakpoints done
Event: 0.456 Executing VM operation: ChangeBreakpoints
Event: 0.456 Executing VM operation: ChangeBreakpoints done
Event: 0.530 Executing VM operation: HandshakeAllThreads
Event: 0.530 Executing VM operation: HandshakeAllThreads done
Event: 0.726 Executing VM operation: HandshakeAllThreads
Event: 0.726 Executing VM operation: HandshakeAllThreads done
Event: 0.736 Executing VM operation: HandshakeAllThreads
Event: 0.736 Executing VM operation: HandshakeAllThreads done
Event: 0.773 Executing VM operation: HandshakeAllThreads
Event: 0.773 Executing VM operation: HandshakeAllThreads done
Event: 0.833 Executing VM operation: G1CollectForAllocation
Event: 0.836 Executing VM operation: G1CollectForAllocation done

Events (20 events):
Event: 0.812 loading class jdk/internal/agent/ConnectorAddressLink$PerfHandle done
Event: 0.812 loading class sun/management/jmxremote/LocalRMIServerSocketFactory
Event: 0.812 loading class sun/management/jmxremote/LocalRMIServerSocketFactory done
Event: 0.813 loading class sun/management/jmxremote/LocalRMIServerSocketFactory$1
Event: 0.813 loading class sun/management/jmxremote/LocalRMIServerSocketFactory$1 done
Event: 0.813 Thread 0x00000129bf808dd0 Thread added: 0x00000129bf808dd0
Event: 0.813 loading class jdk/internal/vm/PostVMInitHook
Event: 0.813 loading class jdk/internal/vm/PostVMInitHook done
Event: 0.813 loading class sun/launcher/LauncherHelper
Event: 0.814 loading class sun/launcher/LauncherHelper done
Event: 0.814 loading class jdk/internal/loader/URLClassPath$FileLoader$1
Event: 0.814 loading class jdk/internal/loader/URLClassPath$FileLoader$1 done
Event: 0.837 loading class java/lang/NoSuchFieldError
Event: 0.837 loading class java/lang/NoSuchFieldError done
Event: 0.837 loading class java/util/ServiceConfigurationError
Event: 0.837 loading class java/util/ServiceConfigurationError done
Event: 0.838 loading class java/util/concurrent/LinkedBlockingQueue
Event: 0.838 loading class java/util/concurrent/LinkedBlockingQueue done
Event: 0.838 loading class java/util/concurrent/LinkedBlockingQueue$Node
Event: 0.838 loading class java/util/concurrent/LinkedBlockingQueue$Node done


Dynamic libraries:
0x00007ff73b8f0000 - 0x00007ff73b8fe000 	D:\java\ex\sts-4.17.0.RELEASE\plugins\org.eclipse.justj.openjdk.hotspot.jre.full.win32.x86_64_17.0.5.v20221102-0933\jre\bin\javaw.exe
0x00007ffc4d290000 - 0x00007ffc4d488000 	C:\Windows\SYSTEM32\ntdll.dll
0x00007ffc4d0d0000 - 0x00007ffc4d18f000 	C:\Windows\System32\KERNEL32.DLL
0x00007ffc4ac00000 - 0x00007ffc4aed2000 	C:\Windows\System32\KERNELBASE.dll
0x00007ffc4b0b0000 - 0x00007ffc4b1b0000 	C:\Windows\System32\ucrtbase.dll
0x00007ffc1a6c0000 - 0x00007ffc1a6d7000 	D:\java\ex\sts-4.17.0.RELEASE\plugins\org.eclipse.justj.openjdk.hotspot.jre.full.win32.x86_64_17.0.5.v20221102-0933\jre\bin\jli.dll
0x00007ffc1a700000 - 0x00007ffc1a719000 	D:\java\ex\sts-4.17.0.RELEASE\plugins\org.eclipse.justj.openjdk.hotspot.jre.full.win32.x86_64_17.0.5.v20221102-0933\jre\bin\VCRUNTIME140.dll
0x00007ffc4c280000 - 0x00007ffc4c421000 	C:\Windows\System32\USER32.dll
0x00007ffc4abd0000 - 0x00007ffc4abf2000 	C:\Windows\System32\win32u.dll
0x00007ffc4bd90000 - 0x00007ffc4bdbb000 	C:\Windows\System32\GDI32.dll
0x00007ffc38d20000 - 0x00007ffc38fba000 	C:\Windows\WinSxS\amd64_microsoft.windows.common-controls_6595b64144ccf1df_6.0.19041.1110_none_60b5254171f9507e\COMCTL32.dll
0x00007ffc4aee0000 - 0x00007ffc4afef000 	C:\Windows\System32\gdi32full.dll
0x00007ffc4bdc0000 - 0x00007ffc4be5e000 	C:\Windows\System32\msvcrt.dll
0x00007ffc4ab30000 - 0x00007ffc4abcd000 	C:\Windows\System32\msvcp_win.dll
0x00007ffc4cd60000 - 0x00007ffc4cd92000 	C:\Windows\System32\IMM32.DLL
0x00007ffc38590000 - 0x00007ffc3859c000 	D:\java\ex\sts-4.17.0.RELEASE\plugins\org.eclipse.justj.openjdk.hotspot.jre.full.win32.x86_64_17.0.5.v20221102-0933\jre\bin\vcruntime140_1.dll
0x00007ffbf7aa0000 - 0x00007ffbf7b31000 	D:\java\ex\sts-4.17.0.RELEASE\plugins\org.eclipse.justj.openjdk.hotspot.jre.full.win32.x86_64_17.0.5.v20221102-0933\jre\bin\msvcp140.dll
0x00007ffbf38f0000 - 0x00007ffbf4534000 	D:\java\ex\sts-4.17.0.RELEASE\plugins\org.eclipse.justj.openjdk.hotspot.jre.full.win32.x86_64_17.0.5.v20221102-0933\jre\bin\server\jvm.dll
0x00007ffc4c0f0000 - 0x00007ffc4c19e000 	C:\Windows\System32\ADVAPI32.dll
0x00007ffc4c450000 - 0x00007ffc4c4ec000 	C:\Windows\System32\sechost.dll
0x00007ffc4bfc0000 - 0x00007ffc4c0e5000 	C:\Windows\System32\RPCRT4.dll
0x00007ffc38750000 - 0x00007ffc38759000 	C:\Windows\SYSTEM32\WSOCK32.dll
0x00007ffc4cf50000 - 0x00007ffc4cfbb000 	C:\Windows\System32\WS2_32.dll
0x00007ffc3ffe0000 - 0x00007ffc40007000 	C:\Windows\SYSTEM32\WINMM.dll
0x00007ffc44eb0000 - 0x00007ffc44eba000 	C:\Windows\SYSTEM32\VERSION.dll
0x00007ffc48860000 - 0x00007ffc48872000 	C:\Windows\SYSTEM32\kernel.appcore.dll
0x00007ffc38740000 - 0x00007ffc3874a000 	D:\java\ex\sts-4.17.0.RELEASE\plugins\org.eclipse.justj.openjdk.hotspot.jre.full.win32.x86_64_17.0.5.v20221102-0933\jre\bin\jimage.dll
0x00007ffc3fa60000 - 0x00007ffc3fc44000 	C:\Windows\SYSTEM32\DBGHELP.DLL
0x00007ffc3e330000 - 0x00007ffc3e365000 	C:\Windows\SYSTEM32\dbgcore.DLL
0x00007ffc4b020000 - 0x00007ffc4b0a2000 	C:\Windows\System32\bcryptPrimitives.dll
0x00007ffc40d90000 - 0x00007ffc40dcb000 	D:\java\ex\sts-4.17.0.RELEASE\plugins\org.eclipse.justj.openjdk.hotspot.jre.full.win32.x86_64_17.0.5.v20221102-0933\jre\bin\jdwp.dll
0x00007ffc46000000 - 0x00007ffc4600e000 	D:\java\ex\sts-4.17.0.RELEASE\plugins\org.eclipse.justj.openjdk.hotspot.jre.full.win32.x86_64_17.0.5.v20221102-0933\jre\bin\instrument.dll
0x00007ffc375d0000 - 0x00007ffc375f5000 	D:\java\ex\sts-4.17.0.RELEASE\plugins\org.eclipse.justj.openjdk.hotspot.jre.full.win32.x86_64_17.0.5.v20221102-0933\jre\bin\java.dll
0x00007ffc375b0000 - 0x00007ffc375c8000 	D:\java\ex\sts-4.17.0.RELEASE\plugins\org.eclipse.justj.openjdk.hotspot.jre.full.win32.x86_64_17.0.5.v20221102-0933\jre\bin\zip.dll
0x00007ffc4b640000 - 0x00007ffc4bd84000 	C:\Windows\System32\SHELL32.dll
0x00007ffc48a60000 - 0x00007ffc491f2000 	C:\Windows\SYSTEM32\windows.storage.dll
0x00007ffc4b2d0000 - 0x00007ffc4b625000 	C:\Windows\System32\combase.dll
0x00007ffc4a300000 - 0x00007ffc4a330000 	C:\Windows\SYSTEM32\Wldp.dll
0x00007ffc4d020000 - 0x00007ffc4d0cd000 	C:\Windows\System32\SHCORE.dll
0x00007ffc4cb30000 - 0x00007ffc4cb85000 	C:\Windows\System32\shlwapi.dll
0x00007ffc4a8c0000 - 0x00007ffc4a8df000 	C:\Windows\SYSTEM32\profapi.dll
0x00007ffc40e50000 - 0x00007ffc40e5c000 	D:\java\ex\sts-4.17.0.RELEASE\plugins\org.eclipse.justj.openjdk.hotspot.jre.full.win32.x86_64_17.0.5.v20221102-0933\jre\bin\dt_socket.dll
0x00007ffc49d50000 - 0x00007ffc49d8b000 	C:\Windows\SYSTEM32\IPHLPAPI.DLL
0x00007ffc4a060000 - 0x00007ffc4a0ca000 	C:\Windows\system32\mswsock.dll
0x00007ffc49d90000 - 0x00007ffc49e5a000 	C:\Windows\SYSTEM32\DNSAPI.dll
0x00007ffc4cb20000 - 0x00007ffc4cb28000 	C:\Windows\System32\NSI.dll
0x00007ffc44b00000 - 0x00007ffc44b0a000 	C:\Windows\System32\rasadhlp.dll
0x00007ffc44140000 - 0x00007ffc441c0000 	C:\Windows\System32\fwpuclnt.dll
0x00007ffc4aff0000 - 0x00007ffc4b017000 	C:\Windows\System32\bcrypt.dll
0x00007ffc37460000 - 0x00007ffc37479000 	D:\java\ex\sts-4.17.0.RELEASE\plugins\org.eclipse.justj.openjdk.hotspot.jre.full.win32.x86_64_17.0.5.v20221102-0933\jre\bin\net.dll
0x00007ffc44c80000 - 0x00007ffc44d8c000 	C:\Windows\SYSTEM32\WINHTTP.dll
0x00007ffc37440000 - 0x00007ffc37455000 	D:\java\ex\sts-4.17.0.RELEASE\plugins\org.eclipse.justj.openjdk.hotspot.jre.full.win32.x86_64_17.0.5.v20221102-0933\jre\bin\nio.dll
0x00007ffc45d50000 - 0x00007ffc45d59000 	D:\java\ex\sts-4.17.0.RELEASE\plugins\org.eclipse.justj.openjdk.hotspot.jre.full.win32.x86_64_17.0.5.v20221102-0933\jre\bin\management.dll
0x00007ffc45d40000 - 0x00007ffc45d4b000 	D:\java\ex\sts-4.17.0.RELEASE\plugins\org.eclipse.justj.openjdk.hotspot.jre.full.win32.x86_64_17.0.5.v20221102-0933\jre\bin\management_ext.dll
0x00007ffc4b630000 - 0x00007ffc4b638000 	C:\Windows\System32\PSAPI.DLL
0x00007ffc3d840000 - 0x00007ffc3d857000 	C:\Windows\system32\napinsp.dll
0x00007ffc3d820000 - 0x00007ffc3d83b000 	C:\Windows\system32\pnrpnsp.dll
0x00007ffc3d800000 - 0x00007ffc3d815000 	C:\Windows\system32\wshbth.dll
0x00007ffc463b0000 - 0x00007ffc463cd000 	C:\Windows\system32\NLAapi.dll
0x00007ffc3d2a0000 - 0x00007ffc3d2b2000 	C:\Windows\System32\winrnr.dll
0x00007ffc4a260000 - 0x00007ffc4a278000 	C:\Windows\SYSTEM32\CRYPTSP.dll
0x00007ffc49980000 - 0x00007ffc499b4000 	C:\Windows\system32\rsaenh.dll
0x00007ffc4a880000 - 0x00007ffc4a8ae000 	C:\Windows\SYSTEM32\USERENV.dll
0x00007ffc4a250000 - 0x00007ffc4a25c000 	C:\Windows\SYSTEM32\CRYPTBASE.dll
0x00007ffc452c0000 - 0x00007ffc452d7000 	C:\Windows\SYSTEM32\dhcpcsvc6.DLL
0x00007ffc452a0000 - 0x00007ffc452bd000 	C:\Windows\SYSTEM32\dhcpcsvc.DLL
0x00007ffc38730000 - 0x00007ffc38740000 	D:\java\ex\sts-4.17.0.RELEASE\plugins\org.eclipse.justj.openjdk.hotspot.jre.full.win32.x86_64_17.0.5.v20221102-0933\jre\bin\verify.dll

dbghelp: loaded successfully - version: 4.0.5 - missing functions: none
symbol engine: initialized successfully - sym options: 0x614 - pdb path: .;D:\java\ex\sts-4.17.0.RELEASE\plugins\org.eclipse.justj.openjdk.hotspot.jre.full.win32.x86_64_17.0.5.v20221102-0933\jre\bin;C:\Windows\SYSTEM32;C:\Windows\WinSxS\amd64_microsoft.windows.common-controls_6595b64144ccf1df_6.0.19041.1110_none_60b5254171f9507e;D:\java\ex\sts-4.17.0.RELEASE\plugins\org.eclipse.justj.openjdk.hotspot.jre.full.win32.x86_64_17.0.5.v20221102-0933\jre\bin\server

VM Arguments:
jvm_args: -XX:+ShowCodeDetailsInExceptionMessages -agentlib:jdwp=transport=dt_socket,suspend=y,address=localhost:50270 -Dcom.sun.management.jmxremote -Dcom.sun.management.jmxremote.port=50269 -Dcom.sun.management.jmxremote.authenticate=false -Dcom.sun.management.jmxremote.ssl=false -Djava.rmi.server.hostname=localhost -Dspring.jmx.enabled=true -Dmanagement.endpoints.jmx.exposure.include=* -Dspring.application.admin.enabled=true -XX:TieredStopAtLevel=1 -Dspring.boot.project.name=SpringExample -javaagent:D:\java\ex\sts-4.17.0.RELEASE\configuration\org.eclipse.osgi\267\0\.cp\lib\javaagent-shaded.jar -Dfile.encoding=UTF-8 
java_command: com.example.SpringExampleApplication --spring.output.ansi.enabled=always
java_class_path (initial): D:\java\ex\clone\bin\main;C:\Users\user\.gradle\caches\modules-2\files-2.1\org.springframework.boot\spring-boot-configuration-processor\3.0.0\4da7b5a72f84132f9c458986f0b01a0bd3466e84\spring-boot-configuration-processor-3.0.0.jar;C:\Users\user\.gradle\caches\modules-2\files-2.1\org.springframework.boot\spring-boot-starter-web\3.0.0\5dd6c38f60b915dce2c4a340f4ea68f2e52306f8\spring-boot-starter-web-3.0.0.jar;C:\Users\user\.gradle\caches\modules-2\files-2.1\org.mybatis.spring.boot\mybatis-spring-boot-starter\3.0.0\a111b1f4573256fd5511def95bb5a426b9c93a4c\mybatis-spring-boot-starter-3.0.0.jar;C:\Users\user\.gradle\caches\modules-2\files-2.1\org.apache.tomcat.embed\tomcat-embed-jasper\10.1.1\821dc6a0394c324fdc6a3d242a09864e7ed9e443\tomcat-embed-jasper-10.1.1.jar;C:\Users\user\.gradle\caches\modules-2\files-2.1\javax.servlet\jstl\1.2\74aca283cd4f4b4f3e425f5820cda58f44409547\jstl-1.2.jar;C:\Users\user\.gradle\caches\modules-2\files-2.1\org.springframework.boot\spring-boot-starter-json\3.0.0\beb1a175ad3cdec82ebd36dd1ddd08a9738a2d86\spring-boot-starter-json-3.0.0.jar;C:\Users\user\.gradle\caches\modules-2\files-2.1\org.springframework.boot\spring-boot-starter-jdbc\3.0.0\359bce4bbc4229586b39867f35a9a613473d4032\spring-boot-starter-jdbc-3.0.0.jar;C:\Users\user\.gradle\caches\modules-2\files-2.1\org.springframework.boot\spring-boot-starter\3.0.0\18c02ab19529d866723b40c03021cd731c3edb50\spring-boot-starter-3.0.0.jar;C:\Users\user\.gradle\caches\modules-2\files-2.1\org.springframework.boot\spring-boot-starter-tomcat\3.0.0\cbaf1a7a69a4a4126896bc397c14b9281634f8e7\spring-boot-starter-tomcat-3.0.0.jar;C:\Users\user\.gradle\caches\modules-2\files-2.1\org.springframework\spring-webmvc\6.0.2\cf96960288ba6a95da3488b6d255803c50fa1927\spring-webmvc-6.0.2.jar;C:\Users\user\.gradle\caches\modules-2\files-2.1\org.springframework\spring-web\6.0.2\39dde8bfcc9074af0fcec924ca7465cb90eb25d4\spring-web-6.0.2.jar;C:\Users\user\.gradle\caches\modules-2\files-2.1\org.mybati
Launcher Type: SUN_STANDARD

[Global flags]
     intx CICompilerCount                          = 12                                        {product} {ergonomic}
     uint ConcGCThreads                            = 4                                         {product} {ergonomic}
     uint G1ConcRefinementThreads                  = 15                                        {product} {ergonomic}
   size_t G1HeapRegionSize                         = 2097152                                   {product} {ergonomic}
    uintx GCDrainStackTargetSize                   = 64                                        {product} {ergonomic}
   size_t InitialHeapSize                          = 266338304                                 {product} {ergonomic}
     bool ManagementServer                         = true                                      {product} {command line}
   size_t MarkStackSize                            = 4194304                                   {product} {ergonomic}
   size_t MaxHeapSize                              = 4255121408                                {product} {ergonomic}
   size_t MaxNewSize                               = 2552233984                                {product} {ergonomic}
   size_t MinHeapDeltaBytes                        = 2097152                                   {product} {ergonomic}
   size_t MinHeapSize                              = 8388608                                   {product} {ergonomic}
    uintx NonProfiledCodeHeapSize                  = 0                                      {pd product} {ergonomic}
     bool ProfileInterpreter                       = false                                  {pd product} {command line}
    uintx ProfiledCodeHeapSize                     = 0                                      {pd product} {ergonomic}
     bool ShowCodeDetailsInExceptionMessages       = true                                   {manageable} {command line}
   size_t SoftMaxHeapSize                          = 4255121408                             {manageable} {ergonomic}
     intx TieredStopAtLevel                        = 1                                         {product} {command line}
     bool UseCompressedClassPointers               = true                           {product lp64_product} {ergonomic}
     bool UseCompressedOops                        = true                           {product lp64_product} {ergonomic}
     bool UseG1GC                                  = true                                      {product} {ergonomic}
     bool UseLargePagesIndividualAllocation        = false                                  {pd product} {ergonomic}

Logging:
Log output configuration:
 #0: stdout all=warning uptime,level,tags
 #1: stderr all=off uptime,level,tags

Environment Variables:
PATH=D:\java\ex\sts-4.17.0.RELEASE\plugins\org.eclipse.justj.openjdk.hotspot.jre.full.win32.x86_64_17.0.5.v20221102-0933\jre\bin;D:/java/ex/sts-4.17.0.RELEASE//plugins/org.eclipse.justj.openjdk.hotspot.jre.full.win32.x86_64_17.0.5.v20221102-0933/jre/bin/server;D:/java/ex/sts-4.17.0.RELEASE//plugins/org.eclipse.justj.openjdk.hotspot.jre.full.win32.x86_64_17.0.5.v20221102-0933/jre/bin;C:\Program Files\Common Files\Oracle\Java\javapath;C:\Program Files (x86)\Common Files\Intel\Shared Libraries\redist\intel64_win\compiler;C:\Program Files (x86)\Common Files\Intel\Shared Libraries\redist\intel64\compiler;C:\Windows\system32;C:\Windows;C:\Windows\System32\Wbem;C:\Windows\System32\WindowsPowerShell\v1.0\;C:\Windows\System32\OpenSSH\;C:\Program Files (x86)\Windows Kits\10\Windows Performance Toolkit\;C:\Program Files (x86)\Windows Kits\10\Microsoft Application Virtualization\Sequencer\;C:\Program Files (x86)\QuickTime\QTSystem\;C:\Program Files\dotnet\;C:\Program Files (x86)\NVIDIA Corporation\PhysX\Common;C:\Program Files\NVIDIA Corporation\NVIDIA NvDLISR;C:\Program Files\MySQL\MySQL Shell 8.0\bin\;C:\Users\user\AppData\Local\Microsoft\WindowsApps;;D:\java\ex\sts-4.17.0.RELEASE;
USERNAME=user
OS=Windows_NT
PROCESSOR_IDENTIFIER=Intel64 Family 6 Model 151 Stepping 2, GenuineIntel
TMP=C:\Users\user\AppData\Local\Temp
TEMP=C:\Users\user\AppData\Local\Temp



---------------  S Y S T E M  ---------------

OS:
 Windows 10 , 64 bit Build 19041 (10.0.19041.2364)
OS uptime: 0 days 0:17 hours

CPU: total 20 (initial active 20) (10 cores per cpu, 2 threads per core) family 6 model 151 stepping 2 microcode 0x18, cx8, cmov, fxsr, ht, mmx, 3dnowpref, sse, sse2, sse3, ssse3, sse4.1, sse4.2, popcnt, lzcnt, tsc, tscinvbit, avx, avx2, aes, erms, clmul, bmi1, bmi2, adx, sha, fma, vzeroupper, clflush, clflushopt, clwb

Memory: 4k page, system-wide physical 16225M (4030M free)
TotalPageFile size 18273M (AvailPageFile size 0M)
current process WorkingSet (physical memory assigned to process): 84M, peak: 84M
current process commit charge ("private bytes"): 370M, peak: 370M

vm_info: OpenJDK 64-Bit Server VM (17.0.5+8) for windows-amd64 JRE (17.0.5+8), built on Oct 19 2022 04:48:13 by "temurin" with MS VC++ 16.7 (VS2019)

END.
